06 Jul 2022 17:17:22,802 TestNG-tests-1 - Running tests on environment: null
06 Jul 2022 17:17:22,803 TestNG-tests-1 - No env is given....hence running it on QA
06 Jul 2022 17:17:22,805 TestNG-tests-1 - browser name is : chrome
06 Jul 2022 17:17:22,809 TestNG-tests-1 - running test on chrome browser....
06 Jul 2022 17:17:30,382 TestNG-tests-1 - https://demo.opencart.com/index.php?route=account/login .... url is launched....
06 Jul 2022 17:17:32,557 TestNG-tests-1 - locator is : By.id: input-password value Selenium12345
06 Jul 2022 17:17:33,864 TestNG-tests-1 - locator is : By.id: input-password value Selenium12345
06 Jul 2022 17:17:34,930 TestNG-tests-1 - locator is : By.id: input-password value Selenium12345
06 Jul 2022 17:17:35,896 TestNG-tests-1 - locator is : By.id: input-password value Selenium12345
06 Jul 2022 17:17:37,742 TestNG-tests-1 - Couldn't find template in cache for "spark/spark.spa.ftl"("en_US", UTF-8, parsed); will try to load it.
06 Jul 2022 17:17:37,743 TestNG-tests-1 - TemplateLoader.findTemplateSource("spark/spark.spa_en_US.ftl"): Not found
06 Jul 2022 17:17:37,746 TestNG-tests-1 - TemplateLoader.findTemplateSource("spark/spark.spa_en.ftl"): Not found
06 Jul 2022 17:17:37,747 TestNG-tests-1 - TemplateLoader.findTemplateSource("spark/spark.spa.ftl"): Found
06 Jul 2022 17:17:37,747 TestNG-tests-1 - Loading template for "spark/spark.spa.ftl"("en_US", UTF-8, parsed) from "jar:file:/C:/Users/User/.m2/repository/com/aventstack/extentreports/5.0.8/extentreports-5.0.8.jar!/com/aventstack/extentreports/templates/spark/spark.spa.ftl"
06 Jul 2022 17:17:37,986 TestNG-tests-1 - Couldn't find template in cache for "commons/commons-variables.ftl"("en_US", UTF-8, parsed); will try to load it.
06 Jul 2022 17:17:37,987 TestNG-tests-1 - TemplateLoader.findTemplateSource("commons/commons-variables_en_US.ftl"): Not found
06 Jul 2022 17:17:37,987 TestNG-tests-1 - TemplateLoader.findTemplateSource("commons/commons-variables_en.ftl"): Not found
06 Jul 2022 17:17:37,988 TestNG-tests-1 - TemplateLoader.findTemplateSource("commons/commons-variables.ftl"): Found
06 Jul 2022 17:17:37,988 TestNG-tests-1 - Loading template for "commons/commons-variables.ftl"("en_US", UTF-8, parsed) from "jar:file:/C:/Users/User/.m2/repository/com/aventstack/extentreports/5.0.8/extentreports-5.0.8.jar!/com/aventstack/extentreports/templates/commons/commons-variables.ftl"
06 Jul 2022 17:17:38,269 TestNG-tests-1 - Couldn't find template in cache for "commons/commons-macros.ftl"("en_US", UTF-8, parsed); will try to load it.
06 Jul 2022 17:17:38,270 TestNG-tests-1 - TemplateLoader.findTemplateSource("commons/commons-macros_en_US.ftl"): Not found
06 Jul 2022 17:17:38,270 TestNG-tests-1 - TemplateLoader.findTemplateSource("commons/commons-macros_en.ftl"): Not found
06 Jul 2022 17:17:38,270 TestNG-tests-1 - TemplateLoader.findTemplateSource("commons/commons-macros.ftl"): Found
06 Jul 2022 17:17:38,270 TestNG-tests-1 - Loading template for "commons/commons-macros.ftl"("en_US", UTF-8, parsed) from "jar:file:/C:/Users/User/.m2/repository/com/aventstack/extentreports/5.0.8/extentreports-5.0.8.jar!/com/aventstack/extentreports/templates/commons/commons-macros.ftl"
06 Jul 2022 17:17:38,276 TestNG-tests-1 - Couldn't find template in cache for "spark/macros/attributes.ftl"("en_US", UTF-8, parsed); will try to load it.
06 Jul 2022 17:17:38,276 TestNG-tests-1 - TemplateLoader.findTemplateSource("spark/macros/attributes_en_US.ftl"): Not found
06 Jul 2022 17:17:38,276 TestNG-tests-1 - TemplateLoader.findTemplateSource("spark/macros/attributes_en.ftl"): Not found
06 Jul 2022 17:17:38,276 TestNG-tests-1 - TemplateLoader.findTemplateSource("spark/macros/attributes.ftl"): Found
06 Jul 2022 17:17:38,276 TestNG-tests-1 - Loading template for "spark/macros/attributes.ftl"("en_US", UTF-8, parsed) from "jar:file:/C:/Users/User/.m2/repository/com/aventstack/extentreports/5.0.8/extentreports-5.0.8.jar!/com/aventstack/extentreports/templates/spark/macros/attributes.ftl"
06 Jul 2022 17:17:38,278 TestNG-tests-1 - Couldn't find template in cache for "spark/macros/log.ftl"("en_US", UTF-8, parsed); will try to load it.
06 Jul 2022 17:17:38,278 TestNG-tests-1 - TemplateLoader.findTemplateSource("spark/macros/log_en_US.ftl"): Not found
06 Jul 2022 17:17:38,279 TestNG-tests-1 - TemplateLoader.findTemplateSource("spark/macros/log_en.ftl"): Not found
06 Jul 2022 17:17:38,279 TestNG-tests-1 - TemplateLoader.findTemplateSource("spark/macros/log.ftl"): Found
06 Jul 2022 17:17:38,279 TestNG-tests-1 - Loading template for "spark/macros/log.ftl"("en_US", UTF-8, parsed) from "jar:file:/C:/Users/User/.m2/repository/com/aventstack/extentreports/5.0.8/extentreports-5.0.8.jar!/com/aventstack/extentreports/templates/spark/macros/log.ftl"
06 Jul 2022 17:17:38,281 TestNG-tests-1 - Couldn't find template in cache for "spark/macros/recurse_nodes.ftl"("en_US", UTF-8, parsed); will try to load it.
06 Jul 2022 17:17:38,282 TestNG-tests-1 - TemplateLoader.findTemplateSource("spark/macros/recurse_nodes_en_US.ftl"): Not found
06 Jul 2022 17:17:38,282 TestNG-tests-1 - TemplateLoader.findTemplateSource("spark/macros/recurse_nodes_en.ftl"): Not found
06 Jul 2022 17:17:38,283 TestNG-tests-1 - TemplateLoader.findTemplateSource("spark/macros/recurse_nodes.ftl"): Found
06 Jul 2022 17:17:38,283 TestNG-tests-1 - Loading template for "spark/macros/recurse_nodes.ftl"("en_US", UTF-8, parsed) from "jar:file:/C:/Users/User/.m2/repository/com/aventstack/extentreports/5.0.8/extentreports-5.0.8.jar!/com/aventstack/extentreports/templates/spark/macros/recurse_nodes.ftl"
06 Jul 2022 17:17:38,287 TestNG-tests-1 - "spark/macros/log.ftl"("en_US", UTF-8, parsed) cached copy not yet stale; using cached.
06 Jul 2022 17:17:38,287 TestNG-tests-1 - Couldn't find template in cache for "spark/macros/attr-common.ftl"("en_US", UTF-8, parsed); will try to load it.
06 Jul 2022 17:17:38,287 TestNG-tests-1 - TemplateLoader.findTemplateSource("spark/macros/attr-common_en_US.ftl"): Not found
06 Jul 2022 17:17:38,288 TestNG-tests-1 - TemplateLoader.findTemplateSource("spark/macros/attr-common_en.ftl"): Not found
06 Jul 2022 17:17:38,288 TestNG-tests-1 - TemplateLoader.findTemplateSource("spark/macros/attr-common.ftl"): Found
06 Jul 2022 17:17:38,288 TestNG-tests-1 - Loading template for "spark/macros/attr-common.ftl"("en_US", UTF-8, parsed) from "jar:file:/C:/Users/User/.m2/repository/com/aventstack/extentreports/5.0.8/extentreports-5.0.8.jar!/com/aventstack/extentreports/templates/spark/macros/attr-common.ftl"
06 Jul 2022 17:17:38,297 TestNG-tests-1 - Couldn't find template in cache for "spark/partials/head.ftl"("en_US", UTF-8, parsed); will try to load it.
06 Jul 2022 17:17:38,298 TestNG-tests-1 - TemplateLoader.findTemplateSource("spark/partials/head_en_US.ftl"): Not found
06 Jul 2022 17:17:38,298 TestNG-tests-1 - TemplateLoader.findTemplateSource("spark/partials/head_en.ftl"): Not found
06 Jul 2022 17:17:38,298 TestNG-tests-1 - TemplateLoader.findTemplateSource("spark/partials/head.ftl"): Found
06 Jul 2022 17:17:38,298 TestNG-tests-1 - Loading template for "spark/partials/head.ftl"("en_US", UTF-8, parsed) from "jar:file:/C:/Users/User/.m2/repository/com/aventstack/extentreports/5.0.8/extentreports-5.0.8.jar!/com/aventstack/extentreports/templates/spark/partials/head.ftl"
06 Jul 2022 17:17:38,301 TestNG-tests-1 - Couldn't find template in cache for "commons/commons-inject-css.ftl"("en_US", UTF-8, parsed); will try to load it.
06 Jul 2022 17:17:38,301 TestNG-tests-1 - TemplateLoader.findTemplateSource("commons/commons-inject-css_en_US.ftl"): Not found
06 Jul 2022 17:17:38,301 TestNG-tests-1 - TemplateLoader.findTemplateSource("commons/commons-inject-css_en.ftl"): Not found
06 Jul 2022 17:17:38,301 TestNG-tests-1 - TemplateLoader.findTemplateSource("commons/commons-inject-css.ftl"): Found
06 Jul 2022 17:17:38,301 TestNG-tests-1 - Loading template for "commons/commons-inject-css.ftl"("en_US", UTF-8, parsed) from "jar:file:/C:/Users/User/.m2/repository/com/aventstack/extentreports/5.0.8/extentreports-5.0.8.jar!/com/aventstack/extentreports/templates/commons/commons-inject-css.ftl"
06 Jul 2022 17:17:38,302 TestNG-tests-1 - Couldn't find template in cache for "spark/partials/navbar.ftl"("en_US", UTF-8, parsed); will try to load it.
06 Jul 2022 17:17:38,302 TestNG-tests-1 - TemplateLoader.findTemplateSource("spark/partials/navbar_en_US.ftl"): Not found
06 Jul 2022 17:17:38,303 TestNG-tests-1 - TemplateLoader.findTemplateSource("spark/partials/navbar_en.ftl"): Not found
06 Jul 2022 17:17:38,303 TestNG-tests-1 - TemplateLoader.findTemplateSource("spark/partials/navbar.ftl"): Found
06 Jul 2022 17:17:38,303 TestNG-tests-1 - Loading template for "spark/partials/navbar.ftl"("en_US", UTF-8, parsed) from "jar:file:/C:/Users/User/.m2/repository/com/aventstack/extentreports/5.0.8/extentreports-5.0.8.jar!/com/aventstack/extentreports/templates/spark/partials/navbar.ftl"
06 Jul 2022 17:17:38,309 TestNG-tests-1 - Couldn't find template in cache for "spark/partials/sidenav.ftl"("en_US", UTF-8, parsed); will try to load it.
06 Jul 2022 17:17:38,309 TestNG-tests-1 - TemplateLoader.findTemplateSource("spark/partials/sidenav_en_US.ftl"): Not found
06 Jul 2022 17:17:38,310 TestNG-tests-1 - TemplateLoader.findTemplateSource("spark/partials/sidenav_en.ftl"): Not found
06 Jul 2022 17:17:38,310 TestNG-tests-1 - TemplateLoader.findTemplateSource("spark/partials/sidenav.ftl"): Found
06 Jul 2022 17:17:38,310 TestNG-tests-1 - Loading template for "spark/partials/sidenav.ftl"("en_US", UTF-8, parsed) from "jar:file:/C:/Users/User/.m2/repository/com/aventstack/extentreports/5.0.8/extentreports-5.0.8.jar!/com/aventstack/extentreports/templates/spark/partials/sidenav.ftl"
06 Jul 2022 17:17:38,322 TestNG-tests-1 - Couldn't find template in cache for "spark/partials/test.ftl"("en_US", UTF-8, parsed); will try to load it.
06 Jul 2022 17:17:38,323 TestNG-tests-1 - TemplateLoader.findTemplateSource("spark/partials/test_en_US.ftl"): Not found
06 Jul 2022 17:17:38,323 TestNG-tests-1 - TemplateLoader.findTemplateSource("spark/partials/test_en.ftl"): Not found
06 Jul 2022 17:17:38,323 TestNG-tests-1 - TemplateLoader.findTemplateSource("spark/partials/test.ftl"): Found
06 Jul 2022 17:17:38,323 TestNG-tests-1 - Loading template for "spark/partials/test.ftl"("en_US", UTF-8, parsed) from "jar:file:/C:/Users/User/.m2/repository/com/aventstack/extentreports/5.0.8/extentreports-5.0.8.jar!/com/aventstack/extentreports/templates/spark/partials/test.ftl"
06 Jul 2022 17:17:38,341 TestNG-tests-1 - Couldn't find template in cache for "spark/partials/standard-content.ftl"("en_US", UTF-8, parsed); will try to load it.
06 Jul 2022 17:17:38,341 TestNG-tests-1 - TemplateLoader.findTemplateSource("spark/partials/standard-content_en_US.ftl"): Not found
06 Jul 2022 17:17:38,342 TestNG-tests-1 - TemplateLoader.findTemplateSource("spark/partials/standard-content_en.ftl"): Not found
06 Jul 2022 17:17:38,342 TestNG-tests-1 - TemplateLoader.findTemplateSource("spark/partials/standard-content.ftl"): Found
06 Jul 2022 17:17:38,342 TestNG-tests-1 - Loading template for "spark/partials/standard-content.ftl"("en_US", UTF-8, parsed) from "jar:file:/C:/Users/User/.m2/repository/com/aventstack/extentreports/5.0.8/extentreports-5.0.8.jar!/com/aventstack/extentreports/templates/spark/partials/standard-content.ftl"
06 Jul 2022 17:17:38,348 TestNG-tests-1 - "spark/partials/standard-content.ftl"("en_US", UTF-8, parsed) cached copy not yet stale; using cached.
06 Jul 2022 17:17:38,350 TestNG-tests-1 - "spark/partials/standard-content.ftl"("en_US", UTF-8, parsed) cached copy not yet stale; using cached.
06 Jul 2022 17:17:38,352 TestNG-tests-1 - "spark/partials/standard-content.ftl"("en_US", UTF-8, parsed) cached copy not yet stale; using cached.
06 Jul 2022 17:17:38,354 TestNG-tests-1 - "spark/partials/standard-content.ftl"("en_US", UTF-8, parsed) cached copy not yet stale; using cached.
06 Jul 2022 17:17:38,360 TestNG-tests-1 - "spark/partials/standard-content.ftl"("en_US", UTF-8, parsed) cached copy not yet stale; using cached.
06 Jul 2022 17:17:38,361 TestNG-tests-1 - "spark/partials/standard-content.ftl"("en_US", UTF-8, parsed) cached copy not yet stale; using cached.
06 Jul 2022 17:17:38,364 TestNG-tests-1 - "spark/partials/standard-content.ftl"("en_US", UTF-8, parsed) cached copy not yet stale; using cached.
06 Jul 2022 17:17:38,364 TestNG-tests-1 - Couldn't find template in cache for "spark/partials/exception.ftl"("en_US", UTF-8, parsed); will try to load it.
06 Jul 2022 17:17:38,364 TestNG-tests-1 - TemplateLoader.findTemplateSource("spark/partials/exception_en_US.ftl"): Not found
06 Jul 2022 17:17:38,364 TestNG-tests-1 - TemplateLoader.findTemplateSource("spark/partials/exception_en.ftl"): Not found
06 Jul 2022 17:17:38,364 TestNG-tests-1 - TemplateLoader.findTemplateSource("spark/partials/exception.ftl"): Found
06 Jul 2022 17:17:38,365 TestNG-tests-1 - Loading template for "spark/partials/exception.ftl"("en_US", UTF-8, parsed) from "jar:file:/C:/Users/User/.m2/repository/com/aventstack/extentreports/5.0.8/extentreports-5.0.8.jar!/com/aventstack/extentreports/templates/spark/partials/exception.ftl"
06 Jul 2022 17:17:38,366 TestNG-tests-1 - Couldn't find template in cache for "spark/partials/category.ftl"("en_US", UTF-8, parsed); will try to load it.
06 Jul 2022 17:17:38,367 TestNG-tests-1 - TemplateLoader.findTemplateSource("spark/partials/category_en_US.ftl"): Not found
06 Jul 2022 17:17:38,367 TestNG-tests-1 - TemplateLoader.findTemplateSource("spark/partials/category_en.ftl"): Not found
06 Jul 2022 17:17:38,367 TestNG-tests-1 - TemplateLoader.findTemplateSource("spark/partials/category.ftl"): Found
06 Jul 2022 17:17:38,367 TestNG-tests-1 - Loading template for "spark/partials/category.ftl"("en_US", UTF-8, parsed) from "jar:file:/C:/Users/User/.m2/repository/com/aventstack/extentreports/5.0.8/extentreports-5.0.8.jar!/com/aventstack/extentreports/templates/spark/partials/category.ftl"
06 Jul 2022 17:17:38,371 TestNG-tests-1 - Couldn't find template in cache for "spark/partials/device.ftl"("en_US", UTF-8, parsed); will try to load it.
06 Jul 2022 17:17:38,371 TestNG-tests-1 - TemplateLoader.findTemplateSource("spark/partials/device_en_US.ftl"): Not found
06 Jul 2022 17:17:38,372 TestNG-tests-1 - TemplateLoader.findTemplateSource("spark/partials/device_en.ftl"): Not found
06 Jul 2022 17:17:38,372 TestNG-tests-1 - TemplateLoader.findTemplateSource("spark/partials/device.ftl"): Found
06 Jul 2022 17:17:38,372 TestNG-tests-1 - Loading template for "spark/partials/device.ftl"("en_US", UTF-8, parsed) from "jar:file:/C:/Users/User/.m2/repository/com/aventstack/extentreports/5.0.8/extentreports-5.0.8.jar!/com/aventstack/extentreports/templates/spark/partials/device.ftl"
06 Jul 2022 17:17:38,373 TestNG-tests-1 - Couldn't find template in cache for "spark/partials/author.ftl"("en_US", UTF-8, parsed); will try to load it.
06 Jul 2022 17:17:38,373 TestNG-tests-1 - TemplateLoader.findTemplateSource("spark/partials/author_en_US.ftl"): Not found
06 Jul 2022 17:17:38,374 TestNG-tests-1 - TemplateLoader.findTemplateSource("spark/partials/author_en.ftl"): Not found
06 Jul 2022 17:17:38,374 TestNG-tests-1 - TemplateLoader.findTemplateSource("spark/partials/author.ftl"): Found
06 Jul 2022 17:17:38,374 TestNG-tests-1 - Loading template for "spark/partials/author.ftl"("en_US", UTF-8, parsed) from "jar:file:/C:/Users/User/.m2/repository/com/aventstack/extentreports/5.0.8/extentreports-5.0.8.jar!/com/aventstack/extentreports/templates/spark/partials/author.ftl"
06 Jul 2022 17:17:38,375 TestNG-tests-1 - Couldn't find template in cache for "spark/partials/log.ftl"("en_US", UTF-8, parsed); will try to load it.
06 Jul 2022 17:17:38,375 TestNG-tests-1 - TemplateLoader.findTemplateSource("spark/partials/log_en_US.ftl"): Not found
06 Jul 2022 17:17:38,375 TestNG-tests-1 - TemplateLoader.findTemplateSource("spark/partials/log_en.ftl"): Not found
06 Jul 2022 17:17:38,376 TestNG-tests-1 - TemplateLoader.findTemplateSource("spark/partials/log.ftl"): Found
06 Jul 2022 17:17:38,376 TestNG-tests-1 - Loading template for "spark/partials/log.ftl"("en_US", UTF-8, parsed) from "jar:file:/C:/Users/User/.m2/repository/com/aventstack/extentreports/5.0.8/extentreports-5.0.8.jar!/com/aventstack/extentreports/templates/spark/partials/log.ftl"
06 Jul 2022 17:17:38,377 TestNG-tests-1 - Couldn't find template in cache for "spark/partials/dashboard.ftl"("en_US", UTF-8, parsed); will try to load it.
06 Jul 2022 17:17:38,377 TestNG-tests-1 - TemplateLoader.findTemplateSource("spark/partials/dashboard_en_US.ftl"): Not found
06 Jul 2022 17:17:38,377 TestNG-tests-1 - TemplateLoader.findTemplateSource("spark/partials/dashboard_en.ftl"): Not found
06 Jul 2022 17:17:38,377 TestNG-tests-1 - TemplateLoader.findTemplateSource("spark/partials/dashboard.ftl"): Found
06 Jul 2022 17:17:38,378 TestNG-tests-1 - Loading template for "spark/partials/dashboard.ftl"("en_US", UTF-8, parsed) from "jar:file:/C:/Users/User/.m2/repository/com/aventstack/extentreports/5.0.8/extentreports-5.0.8.jar!/com/aventstack/extentreports/templates/spark/partials/dashboard.ftl"
06 Jul 2022 17:17:38,425 TestNG-tests-1 - Couldn't find template in cache for "spark/partials/scripts.ftl"("en_US", UTF-8, parsed); will try to load it.
06 Jul 2022 17:17:38,426 TestNG-tests-1 - TemplateLoader.findTemplateSource("spark/partials/scripts_en_US.ftl"): Not found
06 Jul 2022 17:17:38,426 TestNG-tests-1 - TemplateLoader.findTemplateSource("spark/partials/scripts_en.ftl"): Not found
06 Jul 2022 17:17:38,427 TestNG-tests-1 - TemplateLoader.findTemplateSource("spark/partials/scripts.ftl"): Found
06 Jul 2022 17:17:38,427 TestNG-tests-1 - Loading template for "spark/partials/scripts.ftl"("en_US", UTF-8, parsed) from "jar:file:/C:/Users/User/.m2/repository/com/aventstack/extentreports/5.0.8/extentreports-5.0.8.jar!/com/aventstack/extentreports/templates/spark/partials/scripts.ftl"
06 Jul 2022 17:17:38,429 TestNG-tests-1 - Couldn't find template in cache for "commons/commons-inject-js.ftl"("en_US", UTF-8, parsed); will try to load it.
06 Jul 2022 17:17:38,430 TestNG-tests-1 - TemplateLoader.findTemplateSource("commons/commons-inject-js_en_US.ftl"): Not found
06 Jul 2022 17:17:38,432 TestNG-tests-1 - TemplateLoader.findTemplateSource("commons/commons-inject-js_en.ftl"): Not found
06 Jul 2022 17:17:38,435 TestNG-tests-1 - TemplateLoader.findTemplateSource("commons/commons-inject-js.ftl"): Found
06 Jul 2022 17:17:38,435 TestNG-tests-1 - Loading template for "commons/commons-inject-js.ftl"("en_US", UTF-8, parsed) from "jar:file:/C:/Users/User/.m2/repository/com/aventstack/extentreports/5.0.8/extentreports-5.0.8.jar!/com/aventstack/extentreports/templates/commons/commons-inject-js.ftl"
